Started GET "/" for 127.0.0.1 at 2018-04-09 14:10:59 +0700
Processing by Rails::WelcomeController#index as HTML
  Rendering /home/vts/.rvm/gems/ruby-2.4.2/gems/railties-5.1.6/lib/rails/templates/rails/welcome/index.html.erb
  Rendered /home/vts/.rvm/gems/ruby-2.4.2/gems/railties-5.1.6/lib/rails/templates/rails/welcome/index.html.erb (2.2ms)
Completed 200 OK in 164ms (Views: 4.9ms)


Started GET "/" for 127.0.0.1 at 2018-04-09 14:12:23 +0700
Processing by StaticPagesController#home as HTML
  Rendering static_pages/home.html.erb within layouts/application
  Rendered static_pages/home.html.erb within layouts/application (4.0ms)
Completed 200 OK in 347ms (Views: 185.8ms)


Started GET "/static_pages/home" for 127.0.0.1 at 2018-04-09 14:12:27 +0700
Processing by StaticPagesController#home as HTML
  Rendering static_pages/home.html.erb within layouts/application
  Rendered static_pages/home.html.erb within layouts/application (0.8ms)
Completed 200 OK in 38ms (Views: 35.9ms)


Started GET "/static_pages/help" for 127.0.0.1 at 2018-04-09 14:12:31 +0700
Processing by StaticPagesController#help as HTML
  Rendering static_pages/help.html.erb within layouts/application
  Rendered static_pages/help.html.erb within layouts/application (0.6ms)
Completed 200 OK in 30ms (Views: 29.4ms)


Started GET "/static_pages/contact" for 127.0.0.1 at 2018-04-09 14:12:36 +0700
Processing by StaticPagesController#contact as HTML
  Rendering static_pages/contact.html.erb within layouts/application
  Rendered static_pages/contact.html.erb within layouts/application (1.2ms)
Completed 200 OK in 34ms (Views: 30.8ms)


Started GET "/static_pages/about" for 127.0.0.1 at 2018-04-09 14:12:41 +0700
Processing by StaticPagesController#about as HTML
  Rendering static_pages/about.html.erb within layouts/application
  Rendered static_pages/about.html.erb within layouts/application (0.8ms)
Completed 200 OK in 25ms (Views: 23.6ms)


  [1m[35m (0.1ms)[0m  [1m[34mSELECT sqlite_version(*)[0m
  [1m[35m (81.6ms)[0m  [1m[35mCREATE TABLE "schema_migrations" ("version" varchar NOT NULL PRIMARY KEY)[0m
  [1m[35m (112.0ms)[0m  [1m[35mCREATE TABLE "ar_internal_metadata" ("key" varchar NOT NULL PRIMARY KEY, "value" varchar, "created_at" datetime NOT NULL, "updated_at" datetime NOT NULL)[0m
  [1m[36mActiveRecord::InternalMetadata Load (0.3ms)[0m  [1m[34mSELECT  "ar_internal_metadata".* FROM "ar_internal_metadata" WHERE "ar_internal_metadata"."key" = ? LIMIT ?[0m  [["key", "environment"], ["LIMIT", 1]]
  [1m[35m (0.1ms)[0m  [1m[36mbegin transaction[0m
  [1m[35mSQL (0.4ms)[0m  [1m[32mINSERT INTO "ar_internal_metadata" ("key", "value", "created_at", "updated_at") VALUES (?, ?, ?, ?)[0m  [["key", "environment"], ["value", "development"], ["created_at", "2018-04-09 07:55:20.200129"], ["updated_at", "2018-04-09 07:55:20.200129"]]
  [1m[35m (93.0ms)[0m  [1m[36mcommit transaction[0m
  [1m[35m (0.2ms)[0m  [1m[34mSELECT "schema_migrations"."version" FROM "schema_migrations" ORDER BY "schema_migrations"."version" ASC[0m
Started GET "/" for 127.0.0.1 at 2018-04-09 14:56:47 +0700
Processing by StaticPagesController#home as HTML
  Rendering static_pages/home.html.erb within layouts/application
  Rendered static_pages/home.html.erb within layouts/application (4.2ms)
Completed 200 OK in 333ms (Views: 166.5ms)


Started GET "/static_pages/home" for 127.0.0.1 at 2018-04-09 14:56:53 +0700
Processing by StaticPagesController#home as HTML
  Rendering static_pages/home.html.erb within layouts/application
  Rendered static_pages/home.html.erb within layouts/application (0.8ms)
Completed 200 OK in 28ms (Views: 26.1ms)


Started GET "/static_pages/help" for 127.0.0.1 at 2018-04-09 14:56:59 +0700
Processing by StaticPagesController#help as HTML
  Rendering static_pages/help.html.erb within layouts/application
  Rendered static_pages/help.html.erb within layouts/application (1.9ms)
Completed 200 OK in 34ms (Views: 32.7ms)


Started GET "/static_pages/help" for 127.0.0.1 at 2018-04-09 14:57:34 +0700
Processing by StaticPagesController#help as HTML
  Rendering static_pages/help.html.erb within layouts/application
  Rendered static_pages/help.html.erb within layouts/application (4.0ms)
Completed 200 OK in 291ms (Views: 134.0ms)


Started GET "/static_pages/about" for 127.0.0.1 at 2018-04-09 15:41:08 +0700
Processing by StaticPagesController#about as HTML
  Rendering static_pages/about.html.erb within layouts/application
  Rendered static_pages/about.html.erb within layouts/application (4.1ms)
Completed 200 OK in 286ms (Views: 135.5ms)


Started GET "/static_pages/about" for 127.0.0.1 at 2018-04-09 15:41:38 +0700
Processing by StaticPagesController#about as HTML
  Rendering static_pages/about.html.erb within layouts/application
  Rendered static_pages/about.html.erb within layouts/application (4.1ms)
Completed 200 OK in 292ms (Views: 129.7ms)


Started GET "/static_pages/about" for 127.0.0.1 at 2018-04-09 15:42:58 +0700
Processing by StaticPagesController#about as HTML
  Rendering static_pages/about.html.erb within layouts/application
  Rendered static_pages/about.html.erb within layouts/application (8.1ms)
Completed 500 Internal Server Error in 169ms


  
ActionView::Template::Error (undefined method `has_key?' for "http://rubyonrails.org/":String):
     6:   <a href="http://www.railstutorial.org/book">book</a> and
     7:   <a href="http://screencasts.railstutorial.org/">screencast series</a>
     8:   to teach web development with
     9:   <%= link_to t "ruby_on_rails", "http://rubyonrails.org/" %>.
    10: 
    11:   This is the sample application for the tutorial.
    12: </p>
  
app/views/static_pages/about.html.erb:9:in `_app_views_static_pages_about_html_erb___1153227119322235254_12118900'
Started GET "/static_pages/about" for 127.0.0.1 at 2018-04-09 16:16:37 +0700
Processing by StaticPagesController#about as HTML
  Rendering static_pages/about.html.erb within layouts/application
  Rendered static_pages/about.html.erb within layouts/application (5.0ms)
Completed 200 OK in 299ms (Views: 138.8ms)


Started GET "/static_pages/home" for 127.0.0.1 at 2018-04-09 16:17:06 +0700
Processing by StaticPagesController#home as HTML
  Rendering static_pages/home.html.erb within layouts/application
  Rendered static_pages/home.html.erb within layouts/application (4.9ms)
Completed 200 OK in 357ms (Views: 159.0ms)


Started GET "/static_pages/about" for 127.0.0.1 at 2018-04-09 16:17:07 +0700
Processing by StaticPagesController#about as HTML
  Rendering static_pages/about.html.erb within layouts/application
  Rendered static_pages/about.html.erb within layouts/application (7.5ms)
Completed 500 Internal Server Error in 10ms


  
ActionView::Template::Error (undefined method `has_key?' for "http://rubyonrails.org/":String):
     7:   <%= link_to "screencast series", "http://www.railstutorial.org/book" %> and
     8:   <a href="http://screencasts.railstutorial.org/"></a>
     9:   to teach web development with
    10:   <%= link_to t "ruby_on_rails", "http://rubyonrails.org/" %>.
    11:   This is the sample application for the tutorial.
    12: </p>
  
app/views/static_pages/about.html.erb:10:in `_app_views_static_pages_about_html_erb__4566539892151182955_70065494265980'
Started GET "/static_pages/about" for 127.0.0.1 at 2018-04-09 16:25:04 +0700
Processing by StaticPagesController#about as HTML
  Rendering static_pages/about.html.erb within layouts/application
  Rendered static_pages/about.html.erb within layouts/application (4.5ms)
Completed 200 OK in 288ms (Views: 127.9ms)


Started GET "/static_pages/about" for 127.0.0.1 at 2018-04-09 16:32:37 +0700
Processing by StaticPagesController#about as HTML
  Rendering static_pages/about.html.erb within layouts/application
  Rendered static_pages/about.html.erb within layouts/application (4.4ms)
Completed 200 OK in 307ms (Views: 140.3ms)


Started GET "/static_pages/about" for 127.0.0.1 at 2018-04-09 16:33:16 +0700
Processing by StaticPagesController#about as HTML
  Rendering static_pages/about.html.erb within layouts/application
  Rendered static_pages/about.html.erb within layouts/application (4.4ms)
Completed 200 OK in 297ms (Views: 134.4ms)


Started GET "/static_pages/about" for 127.0.0.1 at 2018-04-09 16:44:04 +0700
Processing by StaticPagesController#about as HTML
  Rendering static_pages/about.html.erb within layouts/application
  Rendered static_pages/about.html.erb within layouts/application (5.0ms)
Completed 200 OK in 280ms (Views: 125.0ms)


Started GET "/static_pages/about" for 127.0.0.1 at 2018-04-09 16:47:44 +0700
Processing by StaticPagesController#about as HTML
  Rendering static_pages/about.html.erb within layouts/application
  Rendered static_pages/about.html.erb within layouts/application (5.2ms)
Completed 200 OK in 293ms (Views: 134.7ms)


Started GET "/static_pages/about" for 127.0.0.1 at 2018-04-09 16:48:42 +0700
Processing by StaticPagesController#about as HTML
  Rendering static_pages/about.html.erb within layouts/application
  Rendered static_pages/about.html.erb within layouts/application (0.8ms)
Completed 500 Internal Server Error in 166ms


  
SyntaxError (/home/vts/Desktop/sample_app/app/views/static_pages/about.html.erb:1: syntax error, unexpected tSTRING_BEG, expecting keyword_do or '{' or '('
uffer.new; provide(:title, t "about") 
                              ^
/home/vts/Desktop/sample_app/app/views/static_pages/about.html.erb:1: syntax error, unexpected ')', expecting keyword_end
ew; provide(:title, t "about") 
                              ^):
  
app/views/static_pages/about.html.erb:1: syntax error, unexpected tSTRING_BEG, expecting keyword_do or '{' or '('
app/views/static_pages/about.html.erb:1: syntax error, unexpected ')', expecting keyword_end
Started GET "/static_pages/about" for 127.0.0.1 at 2018-04-09 16:49:53 +0700
Processing by StaticPagesController#about as HTML
  Rendering static_pages/about.html.erb within layouts/application
  Rendered static_pages/about.html.erb within layouts/application (5.3ms)
Completed 200 OK in 286ms (Views: 124.3ms)


Started GET "/" for 127.0.0.1 at 2018-04-10 10:52:00 +0700
Processing by StaticPagesController#home as HTML
  Rendering static_pages/home.html.erb within layouts/application
  Rendered static_pages/home.html.erb within layouts/application (13.8ms)
Completed 200 OK in 416ms (Views: 233.6ms)


Started GET "/static_pages/about" for 127.0.0.1 at 2018-04-10 10:52:26 +0700
Processing by StaticPagesController#about as HTML
  Rendering static_pages/about.html.erb within layouts/application
  Rendered static_pages/about.html.erb within layouts/application (3.6ms)
Completed 200 OK in 38ms (Views: 35.7ms)


Started GET "/static_pages/about" for 127.0.0.1 at 2018-04-10 10:53:01 +0700
Processing by StaticPagesController#about as HTML
  Rendering static_pages/about.html.erb within layouts/application
  Rendered static_pages/about.html.erb within layouts/application (5.2ms)
Completed 200 OK in 286ms (Views: 129.1ms)


Started GET "/static_pages/about" for 127.0.0.1 at 2018-04-10 10:53:27 +0700
Processing by StaticPagesController#about as HTML
  Rendering static_pages/about.html.erb within layouts/application
  Rendered static_pages/about.html.erb within layouts/application (5.4ms)
Completed 200 OK in 289ms (Views: 129.5ms)


Started GET "/static_pages/about" for 127.0.0.1 at 2018-04-10 10:53:31 +0700
Processing by StaticPagesController#about as HTML
  Rendering static_pages/about.html.erb within layouts/application
  Rendered static_pages/about.html.erb within layouts/application (4.7ms)
Completed 200 OK in 35ms (Views: 31.3ms)


Started GET "/static_pages/about" for 127.0.0.1 at 2018-04-10 10:53:46 +0700
Processing by StaticPagesController#about as HTML
  Rendering static_pages/about.html.erb within layouts/application
  Rendered static_pages/about.html.erb within layouts/application (6.6ms)
Completed 500 Internal Server Error in 175ms


  
ActionView::Template::Error (missing interpolation argument :link_to_rails_tutorials in "The %{link_to_rails_tutorials} is a %{link_to_book} and %{link_to_screencast} to teach web development with %{link_to_rails} This is the sample application for the tutorial." ({:link_to_rails_tutorial=>"<a href=\"http://www.railstutorial.org/\"><em><span class=\"translation_missing\" title=\"translation missing: en.ruby_on_rails_tutorial\">Ruby On Rails Tutorial</span></em></a>", :link_to_book=>"<a href=\"http://www.railstutorial.org/book\"><span class=\"translation_missing\" title=\"translation missing: en.book\">Book</span></a>", :link_to_screencast=>"<a href=\"http://screencasts.railstutorial.org/\"><span class=\"translation_missing\" title=\"translation missing: en.screencasts_series\">Screencasts Series</span></a>", :link_to_rails=>"<a href=\"http://www.railstutorial.org/\"><span class=\"translation_missing\" title=\"translation missing: en.ruby_on_rails\">Ruby On Rails</span></a>"} given)):
    1: <% provide :title, t(".about_title") %>
    2: <h1><%= t ".about_h1" %></h1>
    3: <p>
    4:   <%= t(".about_content",
    5:     link_to_rails_tutorial: link_to(content_tag(:em, t("ruby_on_rails_tutorial")), "http://www.railstutorial.org/"),
    6:     link_to_book: link_to(t("book"), "http://www.railstutorial.org/book"),
    7:     link_to_screencast: link_to(t("screencasts_series"), "http://screencasts.railstutorial.org/"),
  
app/views/static_pages/about.html.erb:4:in `_app_views_static_pages_about_html_erb__3695292512875040421_19230180'
Started GET "/static_pages/about" for 127.0.0.1 at 2018-04-10 10:56:32 +0700
Processing by StaticPagesController#about as HTML
  Rendering static_pages/about.html.erb within layouts/application
  Rendered static_pages/about.html.erb within layouts/application (4.8ms)
Completed 200 OK in 299ms (Views: 134.4ms)


Started GET "/static_pages/home" for 127.0.0.1 at 2018-04-10 12:54:15 +0700
Processing by StaticPagesController#home as HTML
  Rendering static_pages/home.html.erb within layouts/application
  Rendered static_pages/home.html.erb within layouts/application (19.5ms)
Completed 200 OK in 397ms (Views: 238.2ms)


Started GET "/static_pages/home" for 127.0.0.1 at 2018-04-10 12:54:38 +0700
Processing by StaticPagesController#home as HTML
  Rendering static_pages/home.html.erb within layouts/application
  Rendered static_pages/home.html.erb within layouts/application (4.6ms)
Completed 200 OK in 288ms (Views: 121.9ms)


Started GET "/static_pages/home" for 127.0.0.1 at 2018-04-10 13:01:49 +0700
Processing by StaticPagesController#home as HTML
  Rendering static_pages/home.html.erb within layouts/application
  Rendered static_pages/home.html.erb within layouts/application (4.5ms)
Completed 200 OK in 313ms (Views: 139.5ms)


Started GET "/static_pages/help" for 127.0.0.1 at 2018-04-10 13:01:55 +0700
Processing by StaticPagesController#help as HTML
  Rendering static_pages/help.html.erb within layouts/application
  Rendered static_pages/help.html.erb within layouts/application (2.0ms)
Completed 200 OK in 34ms (Views: 32.1ms)


Started GET "/static_pages/about" for 127.0.0.1 at 2018-04-10 13:07:32 +0700
Processing by StaticPagesController#about as HTML
  Rendering static_pages/about.html.erb within layouts/application
  Rendered static_pages/about.html.erb within layouts/application (4.9ms)
Completed 200 OK in 284ms (Views: 128.9ms)


Started GET "/static_pages/about" for 127.0.0.1 at 2018-04-10 13:09:12 +0700
Processing by StaticPagesController#about as HTML
  Rendering static_pages/about.html.erb within layouts/application
  Rendered static_pages/about.html.erb within layouts/application (4.6ms)
Completed 200 OK in 278ms (Views: 119.2ms)


Started GET "/static_pages/help" for 127.0.0.1 at 2018-04-10 13:09:20 +0700
Processing by StaticPagesController#help as HTML
  Rendering static_pages/help.html.erb within layouts/application
  Rendered static_pages/help.html.erb within layouts/application (1.6ms)
Completed 200 OK in 27ms (Views: 25.3ms)


Started GET "/static_pages/home" for 127.0.0.1 at 2018-04-10 13:09:25 +0700
Processing by StaticPagesController#home as HTML
  Rendering static_pages/home.html.erb within layouts/application
  Rendered static_pages/home.html.erb within layouts/application (1.3ms)
Completed 200 OK in 36ms (Views: 33.6ms)


Started GET "/" for 127.0.0.1 at 2018-04-10 14:08:00 +0700
Processing by StaticPagesController#home as HTML
  Rendering static_pages/home.html.erb within layouts/application
  Rendered static_pages/home.html.erb within layouts/application (4.5ms)
Completed 200 OK in 297ms (Views: 150.2ms)


Started GET "/static_pages/home" for 127.0.0.1 at 2018-04-10 14:08:05 +0700
Processing by StaticPagesController#home as HTML
  Rendering static_pages/home.html.erb within layouts/application
  Rendered static_pages/home.html.erb within layouts/application (1.9ms)
Completed 200 OK in 35ms (Views: 32.4ms)


Started GET "/static_pages/help" for 127.0.0.1 at 2018-04-10 14:08:16 +0700
Processing by StaticPagesController#help as HTML
  Rendering static_pages/help.html.erb within layouts/application
  Rendered static_pages/help.html.erb within layouts/application (1.5ms)
Completed 200 OK in 35ms (Views: 32.7ms)


Started GET "/static_pages/about" for 127.0.0.1 at 2018-04-10 14:08:54 +0700
Processing by StaticPagesController#about as HTML
  Rendering static_pages/about.html.erb within layouts/application
  Rendered static_pages/about.html.erb within layouts/application (4.5ms)
Completed 200 OK in 277ms (Views: 123.7ms)


Started GET "/static_pages/about" for 127.0.0.1 at 2018-04-10 14:10:21 +0700
Processing by StaticPagesController#about as HTML
  Rendering static_pages/about.html.erb within layouts/application
  Rendered static_pages/about.html.erb within layouts/application (4.8ms)
Completed 200 OK in 286ms (Views: 121.7ms)


Started GET "/static_pages/home" for 127.0.0.1 at 2018-04-10 14:10:26 +0700
Processing by StaticPagesController#home as HTML
  Rendering static_pages/home.html.erb within layouts/application
  Rendered static_pages/home.html.erb within layouts/application (2.0ms)
Completed 200 OK in 35ms (Views: 32.2ms)


Started GET "/static_pages/contact" for 127.0.0.1 at 2018-04-10 14:10:31 +0700
Processing by StaticPagesController#contact as HTML
  Rendering static_pages/contact.html.erb within layouts/application
  Rendered static_pages/contact.html.erb within layouts/application (1.2ms)
Completed 200 OK in 29ms (Views: 27.5ms)


Started GET "/" for 127.0.0.1 at 2018-04-10 14:56:11 +0700
Processing by StaticPagesController#home as HTML
  Rendering static_pages/home.html.erb within layouts/application
  Rendered static_pages/home.html.erb within layouts/application (129.2ms)
Completed 200 OK in 311ms (Views: 156.1ms)


Started GET "/" for 127.0.0.1 at 2018-04-10 15:03:14 +0700
Processing by StaticPagesController#home as HTML
  Rendering static_pages/home.html.erb within layouts/application
  Rendered static_pages/home.html.erb within layouts/application (1468.9ms)
Completed 200 OK in 1720ms (Views: 1551.4ms)


Started GET "/" for 127.0.0.1 at 2018-04-10 15:04:24 +0700
Processing by StaticPagesController#home as HTML
  Rendering static_pages/home.html.erb within layouts/application
  Rendered static_pages/home.html.erb within layouts/application (4.8ms)
Completed 200 OK in 334ms (Views: 165.7ms)


Started GET "/" for 127.0.0.1 at 2018-04-10 15:32:57 +0700
Processing by StaticPagesController#home as HTML
  Rendering static_pages/home.html.erb within layouts/application
  Rendered static_pages/home.html.erb within layouts/application (5.0ms)
  Rendered layouts/_shim.html.erb (0.3ms)
  Rendered layouts/_header.html.erb (1.3ms)
  Rendered layouts/_footer.html.erb (0.5ms)
Completed 500 Internal Server Error in 328ms


  
SyntaxError (/home/vts/Desktop/sample_app/app/views/layouts/_footer.html.erb:15: syntax error, unexpected keyword_ensure, expecting ')'
          ensure
                ^
/home/vts/Desktop/sample_app/app/views/layouts/_footer.html.erb:17: syntax error, unexpected keyword_end, expecting ')'
          end
             ^):
  
app/views/layouts/_footer.html.erb:15: syntax error, unexpected keyword_ensure, expecting ')'
app/views/layouts/_footer.html.erb:17: syntax error, unexpected keyword_end, expecting ')'
app/views/layouts/application.html.erb:15:in `_app_views_layouts_application_html_erb__3186049795663321190_70193492745400'
Started GET "/" for 127.0.0.1 at 2018-04-10 15:34:38 +0700
Processing by StaticPagesController#home as HTML
  Rendering static_pages/home.html.erb within layouts/application
  Rendered static_pages/home.html.erb within layouts/application (5.1ms)
  Rendered layouts/_shim.html.erb (0.3ms)
  Rendered layouts/_header.html.erb (1.3ms)
  Rendered layouts/_footer.html.erb (1.5ms)
Completed 200 OK in 319ms (Views: 153.2ms)


Started GET "/" for 127.0.0.1 at 2018-04-10 15:35:26 +0700
Processing by StaticPagesController#home as HTML
  Rendering static_pages/home.html.erb within layouts/application
  Rendered static_pages/home.html.erb within layouts/application (5.3ms)
  Rendered layouts/_shim.html.erb (0.3ms)
  Rendered layouts/_header.html.erb (1.2ms)
  Rendered layouts/_footer.html.erb (1.5ms)
Completed 200 OK in 1759ms (Views: 1596.0ms)


Started GET "/" for 127.0.0.1 at 2018-04-10 15:36:09 +0700
Processing by StaticPagesController#home as HTML
  Rendering static_pages/home.html.erb within layouts/application
  Rendered static_pages/home.html.erb within layouts/application (4.9ms)
  Rendered layouts/_shim.html.erb (0.3ms)
  Rendered layouts/_header.html.erb (1.2ms)
  Rendered layouts/_footer.html.erb (1.5ms)
Completed 200 OK in 315ms (Views: 154.5ms)


Started GET "/" for 127.0.0.1 at 2018-04-10 15:37:47 +0700
Processing by StaticPagesController#home as HTML
  Rendering static_pages/home.html.erb within layouts/application
  Rendered static_pages/home.html.erb within layouts/application (4.8ms)
  Rendered layouts/_shim.html.erb (0.3ms)
  Rendered layouts/_header.html.erb (1.4ms)
  Rendered layouts/_footer.html.erb (1.7ms)
Completed 200 OK in 338ms (Views: 173.9ms)


Started GET "/" for 127.0.0.1 at 2018-04-10 15:41:25 +0700
Processing by StaticPagesController#home as HTML
  Rendering static_pages/home.html.erb within layouts/application
  Rendered static_pages/home.html.erb within layouts/application (5.2ms)
  Rendered layouts/_rails_default.html.erb (143.3ms)
  Rendered layouts/_shim.html.erb (0.3ms)
  Rendered layouts/_header.html.erb (1.2ms)
  Rendered layouts/_footer.html.erb (1.6ms)
Completed 200 OK in 327ms (Views: 157.4ms)


Started GET "/" for 127.0.0.1 at 2018-04-10 15:45:51 +0700
Processing by StaticPagesController#home as HTML
  Rendering static_pages/home.html.erb within layouts/application
  Rendered static_pages/home.html.erb within layouts/application (4.8ms)
  Rendered layouts/_rails_default.html.erb (140.9ms)
  Rendered layouts/_shim.html.erb (0.3ms)
  Rendered layouts/_header.html.erb (1.3ms)
  Rendered layouts/_footer.html.erb (1.7ms)
Completed 200 OK in 320ms (Views: 154.5ms)


Started GET "/" for 127.0.0.1 at 2018-04-10 15:49:33 +0700
Processing by StaticPagesController#home as HTML
  Rendering static_pages/home.html.erb within layouts/application
  Rendered static_pages/home.html.erb within layouts/application (4.9ms)
  Rendered layouts/_rails_default.html.erb (143.2ms)
  Rendered layouts/_shim.html.erb (0.4ms)
  Rendered layouts/_header.html.erb (1.4ms)
  Rendered layouts/_footer.html.erb (1.7ms)
Completed 200 OK in 326ms (Views: 157.8ms)


Started GET "/" for 127.0.0.1 at 2018-04-10 15:49:44 +0700
Processing by StaticPagesController#home as HTML
  Rendering static_pages/home.html.erb within layouts/application
  Rendered static_pages/home.html.erb within layouts/application (1.3ms)
  Rendered layouts/_rails_default.html.erb (51.3ms)
  Rendered layouts/_shim.html.erb (0.5ms)
  Rendered layouts/_header.html.erb (3.0ms)
  Rendered layouts/_footer.html.erb (3.4ms)
Completed 200 OK in 69ms (Views: 67.2ms)


Started GET "/" for 127.0.0.1 at 2018-04-10 15:49:45 +0700
Processing by StaticPagesController#home as HTML
  Rendering static_pages/home.html.erb within layouts/application
  Rendered static_pages/home.html.erb within layouts/application (1.5ms)
  Rendered layouts/_rails_default.html.erb (61.3ms)
  Rendered layouts/_shim.html.erb (0.3ms)
  Rendered layouts/_header.html.erb (1.8ms)
  Rendered layouts/_footer.html.erb (2.3ms)
Completed 200 OK in 76ms (Views: 74.9ms)


Started GET "/" for 127.0.0.1 at 2018-04-10 15:49:46 +0700
Processing by StaticPagesController#home as HTML
  Rendering static_pages/home.html.erb within layouts/application
  Rendered static_pages/home.html.erb within layouts/application (1.6ms)
  Rendered layouts/_rails_default.html.erb (37.1ms)
  Rendered layouts/_shim.html.erb (0.3ms)
  Rendered layouts/_header.html.erb (1.7ms)
  Rendered layouts/_footer.html.erb (2.1ms)
Completed 200 OK in 51ms (Views: 49.4ms)


Started GET "/" for 127.0.0.1 at 2018-04-10 15:51:11 +0700
Processing by StaticPagesController#home as HTML
  Rendering static_pages/home.html.erb within layouts/application
  Rendered static_pages/home.html.erb within layouts/application (4.7ms)
  Rendered layouts/_rails_default.html.erb (142.7ms)
  Rendered layouts/_shim.html.erb (0.3ms)
  Rendered layouts/_header.html.erb (1.3ms)
  Rendered layouts/_footer.html.erb (1.9ms)
Completed 200 OK in 317ms (Views: 156.3ms)


Started GET "/" for 127.0.0.1 at 2018-04-10 15:52:22 +0700
Processing by StaticPagesController#home as HTML
  Rendering static_pages/home.html.erb within layouts/application
  Rendered static_pages/home.html.erb within layouts/application (5.1ms)
  Rendered layouts/_rails_default.html.erb (140.9ms)
  Rendered layouts/_shim.html.erb (0.3ms)
  Rendered layouts/_header.html.erb (1.2ms)
  Rendered layouts/_footer.html.erb (1.9ms)
Completed 200 OK in 323ms (Views: 155.2ms)


Started GET "/" for 127.0.0.1 at 2018-04-10 15:53:05 +0700
Processing by StaticPagesController#home as HTML
  Rendering static_pages/home.html.erb within layouts/application
  Rendered static_pages/home.html.erb within layouts/application (5.0ms)
  Rendered layouts/_rails_default.html.erb (159.8ms)
  Rendered layouts/_shim.html.erb (0.3ms)
  Rendered layouts/_header.html.erb (1.4ms)
  Rendered layouts/_footer.html.erb (2.9ms)
Completed 200 OK in 313ms (Views: 175.3ms)


Started GET "/" for 127.0.0.1 at 2018-04-10 15:53:45 +0700
Processing by StaticPagesController#home as HTML
  Rendering static_pages/home.html.erb within layouts/application
  Rendered static_pages/home.html.erb within layouts/application (4.8ms)
  Rendered layouts/_rails_default.html.erb (141.3ms)
  Rendered layouts/_shim.html.erb (0.3ms)
  Rendered layouts/_header.html.erb (1.2ms)
  Rendered layouts/_footer.html.erb (1.7ms)
Completed 200 OK in 320ms (Views: 154.7ms)


Started GET "/" for 127.0.0.1 at 2018-04-10 15:54:59 +0700
Processing by StaticPagesController#home as HTML
  Rendering static_pages/home.html.erb within layouts/application
  Rendered static_pages/home.html.erb within layouts/application (4.9ms)
  Rendered layouts/_rails_default.html.erb (141.5ms)
  Rendered layouts/_shim.html.erb (0.3ms)
  Rendered layouts/_header.html.erb (1.2ms)
  Rendered layouts/_footer.html.erb (1.9ms)
Completed 200 OK in 324ms (Views: 155.6ms)


Started GET "/" for 127.0.0.1 at 2018-04-10 15:57:06 +0700
Processing by StaticPagesController#home as HTML
  Rendering static_pages/home.html.erb within layouts/application
  Rendered static_pages/home.html.erb within layouts/application (5.1ms)
  Rendered layouts/_rails_default.html.erb (141.3ms)
  Rendered layouts/_shim.html.erb (0.3ms)
  Rendered layouts/_header.html.erb (1.2ms)
  Rendered layouts/_footer.html.erb (1.6ms)
Completed 200 OK in 321ms (Views: 155.0ms)


Started GET "/" for 127.0.0.1 at 2018-04-10 16:25:51 +0700
Processing by StaticPagesController#home as HTML
  Rendering static_pages/home.html.erb within layouts/application
  Rendered static_pages/home.html.erb within layouts/application (5.0ms)
  Rendered layouts/_rails_default.html.erb (142.0ms)
  Rendered layouts/_shim.html.erb (0.3ms)
  Rendered layouts/_header.html.erb (1.4ms)
  Rendered layouts/_footer.html.erb (1.6ms)
Completed 200 OK in 321ms (Views: 155.6ms)


Started GET "/about" for 127.0.0.1 at 2018-04-10 16:26:32 +0700
Processing by StaticPagesController#about as HTML
  Rendering static_pages/about.html.erb within layouts/application
  Rendered static_pages/about.html.erb within layouts/application (1.8ms)
  Rendered layouts/_rails_default.html.erb (30.1ms)
  Rendered layouts/_shim.html.erb (0.4ms)
  Rendered layouts/_header.html.erb (2.0ms)
  Rendered layouts/_footer.html.erb (2.3ms)
Completed 200 OK in 46ms (Views: 43.9ms)


Started GET "/healp" for 127.0.0.1 at 2018-04-10 16:26:38 +0700
  
ActionController::RoutingError (No route matches [GET] "/healp"):
  
actionpack (5.1.6) lib/action_dispatch/middleware/debug_exceptions.rb:63:in `call'
web-console (3.5.1) lib/web_console/middleware.rb:135:in `call_app'
web-console (3.5.1) lib/web_console/middleware.rb:28:in `block in call'
web-console (3.5.1) lib/web_console/middleware.rb:18:in `catch'
web-console (3.5.1) lib/web_console/middleware.rb:18:in `call'
actionpack (5.1.6) lib/action_dispatch/middleware/show_exceptions.rb:31:in `call'
railties (5.1.6) lib/rails/rack/logger.rb:36:in `call_app'
railties (5.1.6) lib/rails/rack/logger.rb:24:in `block in call'
activesupport (5.1.6) lib/active_support/tagged_logging.rb:69:in `block in tagged'
activesupport (5.1.6) lib/active_support/tagged_logging.rb:26:in `tagged'
activesupport (5.1.6) lib/active_support/tagged_logging.rb:69:in `tagged'
railties (5.1.6) lib/rails/rack/logger.rb:24:in `call'
sprockets-rails (3.2.1) lib/sprockets/rails/quiet_assets.rb:13:in `call'
actionpack (5.1.6) lib/action_dispatch/middleware/remote_ip.rb:79:in `call'
actionpack (5.1.6) lib/action_dispatch/middleware/request_id.rb:25:in `call'
rack (2.0.4) lib/rack/method_override.rb:22:in `call'
rack (2.0.4) lib/rack/runtime.rb:22:in `call'
activesupport (5.1.6) lib/active_support/cache/strategy/local_cache_middleware.rb:27:in `call'
actionpack (5.1.6) lib/action_dispatch/middleware/executor.rb:12:in `call'
actionpack (5.1.6) lib/action_dispatch/middleware/static.rb:125:in `call'
rack (2.0.4) lib/rack/sendfile.rb:111:in `call'
railties (5.1.6) lib/rails/engine.rb:522:in `call'
puma (3.11.3) lib/puma/configuration.rb:225:in `call'
puma (3.11.3) lib/puma/server.rb:624:in `handle_request'
puma (3.11.3) lib/puma/server.rb:438:in `process_client'
puma (3.11.3) lib/puma/server.rb:302:in `block in run'
puma (3.11.3) lib/puma/thread_pool.rb:120:in `block in spawn_thread'
Started GET "/help" for 127.0.0.1 at 2018-04-10 16:26:46 +0700
Processing by StaticPagesController#help as HTML
  Rendering static_pages/help.html.erb within layouts/application
  Rendered static_pages/help.html.erb within layouts/application (2.3ms)
  Rendered layouts/_rails_default.html.erb (35.7ms)
  Rendered layouts/_shim.html.erb (0.5ms)
  Rendered layouts/_header.html.erb (2.5ms)
  Rendered layouts/_footer.html.erb (2.9ms)
Completed 200 OK in 54ms (Views: 51.9ms)


Started GET "/" for 127.0.0.1 at 2018-04-10 16:26:49 +0700
Processing by StaticPagesController#home as HTML
  Rendering static_pages/home.html.erb within layouts/application
  Rendered static_pages/home.html.erb within layouts/application (1.8ms)
  Rendered layouts/_rails_default.html.erb (48.0ms)
  Rendered layouts/_shim.html.erb (0.8ms)
  Rendered layouts/_header.html.erb (4.3ms)
  Rendered layouts/_footer.html.erb (8.9ms)
Completed 200 OK in 75ms (Views: 73.3ms)


Started GET "/help" for 127.0.0.1 at 2018-04-10 16:26:49 +0700
Processing by StaticPagesController#help as HTML
  Rendering static_pages/help.html.erb within layouts/application
  Rendered static_pages/help.html.erb within layouts/application (2.5ms)
  Rendered layouts/_rails_default.html.erb (54.7ms)
  Rendered layouts/_shim.html.erb (0.6ms)
  Rendered layouts/_header.html.erb (2.8ms)
  Rendered layouts/_footer.html.erb (3.0ms)
Completed 200 OK in 75ms (Views: 72.2ms)


Started GET "/about" for 127.0.0.1 at 2018-04-10 16:26:51 +0700
Processing by StaticPagesController#about as HTML
  Rendering static_pages/about.html.erb within layouts/application
  Rendered static_pages/about.html.erb within layouts/application (2.8ms)
  Rendered layouts/_rails_default.html.erb (44.7ms)
  Rendered layouts/_shim.html.erb (0.3ms)
  Rendered layouts/_header.html.erb (3.3ms)
  Rendered layouts/_footer.html.erb (4.0ms)
Completed 200 OK in 67ms (Views: 65.0ms)


Started GET "/contact" for 127.0.0.1 at 2018-04-10 16:26:52 +0700
Processing by StaticPagesController#contact as HTML
  Rendering static_pages/contact.html.erb within layouts/application
  Rendered static_pages/contact.html.erb within layouts/application (2.3ms)
  Rendered layouts/_rails_default.html.erb (53.9ms)
  Rendered layouts/_shim.html.erb (0.3ms)
  Rendered layouts/_header.html.erb (2.1ms)
  Rendered layouts/_footer.html.erb (2.4ms)
Completed 200 OK in 73ms (Views: 71.0ms)


Started GET "/contact" for 127.0.0.1 at 2018-04-10 16:52:17 +0700
Processing by StaticPagesController#contact as HTML
  Rendering static_pages/contact.html.erb within layouts/application
  Rendered static_pages/contact.html.erb within layouts/application (5.1ms)
  Rendered layouts/_rails_default.html.erb (244.9ms)
  Rendered layouts/_shim.html.erb (0.3ms)
  Rendered layouts/_header.html.erb (1.6ms)
  Rendered layouts/_footer.html.erb (2.0ms)
Completed 200 OK in 417ms (Views: 259.6ms)


Started GET "/" for 127.0.0.1 at 2018-04-10 16:52:20 +0700
Processing by StaticPagesController#home as HTML
  Rendering static_pages/home.html.erb within layouts/application
  Rendered static_pages/home.html.erb within layouts/application (2.5ms)
  Rendered layouts/_rails_default.html.erb (78.8ms)
  Rendered layouts/_shim.html.erb (0.3ms)
  Rendered layouts/_header.html.erb (3.5ms)
  Rendered layouts/_footer.html.erb (7.2ms)
Completed 200 OK in 103ms (Views: 101.0ms)


Started GET "/signup" for 127.0.0.1 at 2018-04-10 16:52:21 +0700
Processing by UsersController#new as HTML
  Rendering users/new.html.erb within layouts/application
  Rendered users/new.html.erb within layouts/application (0.7ms)
  Rendered layouts/_rails_default.html.erb (48.6ms)
  Rendered layouts/_shim.html.erb (0.3ms)
  Rendered layouts/_header.html.erb (4.0ms)
  Rendered layouts/_footer.html.erb (3.8ms)
Completed 200 OK in 69ms (Views: 66.5ms)


Started GET "/signup" for 127.0.0.1 at 2018-04-10 16:53:34 +0700
Processing by UsersController#new as HTML
  Rendering users/new.html.erb within layouts/application
  Rendered users/new.html.erb within layouts/application (5.2ms)
  Rendered layouts/_rails_default.html.erb (153.1ms)
  Rendered layouts/_shim.html.erb (0.3ms)
  Rendered layouts/_header.html.erb (1.4ms)
  Rendered layouts/_footer.html.erb (1.6ms)
Completed 200 OK in 336ms (Views: 167.0ms)


Started GET "/signup" for 127.0.0.1 at 2018-04-10 16:54:28 +0700
Processing by UsersController#new as HTML
  Rendering users/new.html.erb within layouts/application
  Rendered users/new.html.erb within layouts/application (5.5ms)
  Rendered layouts/_rails_default.html.erb (149.9ms)
  Rendered layouts/_shim.html.erb (0.3ms)
  Rendered layouts/_header.html.erb (1.5ms)
  Rendered layouts/_footer.html.erb (1.6ms)
Completed 200 OK in 318ms (Views: 164.5ms)


Started GET "/signup" for 127.0.0.1 at 2018-04-10 16:55:23 +0700
Processing by UsersController#new as HTML
  Rendering users/new.html.erb within layouts/application
  Rendered users/new.html.erb within layouts/application (4.6ms)
  Rendered layouts/_rails_default.html.erb (166.8ms)
  Rendered layouts/_shim.html.erb (0.3ms)
  Rendered layouts/_header.html.erb (1.4ms)
  Rendered layouts/_footer.html.erb (1.6ms)
Completed 200 OK in 333ms (Views: 180.1ms)


Started GET "/" for 127.0.0.1 at 2018-04-11 16:41:10 +0700
Processing by StaticPagesController#home as HTML
  Rendering static_pages/home.html.erb within layouts/application
  Rendered static_pages/home.html.erb within layouts/application (5.1ms)
  Rendered layouts/_rails_default.html.erb (1544.0ms)
  Rendered layouts/_shim.html.erb (0.3ms)
  Rendered layouts/_header.html.erb (1.4ms)
  Rendered layouts/_footer.html.erb (1.6ms)
Completed 200 OK in 1727ms (Views: 1558.7ms)


Started GET "/signup" for 127.0.0.1 at 2018-04-11 16:41:49 +0700
Processing by UsersController#new as HTML
  Rendering users/new.html.erb within layouts/application
  Rendered users/new.html.erb within layouts/application (1.2ms)
  Rendered layouts/_rails_default.html.erb (41.6ms)
  Rendered layouts/_shim.html.erb (0.6ms)
  Rendered layouts/_header.html.erb (3.5ms)
  Rendered layouts/_footer.html.erb (4.4ms)
Completed 200 OK in 62ms (Views: 60.0ms)


Started GET "/" for 127.0.0.1 at 2018-04-11 17:03:14 +0700
Processing by StaticPagesController#home as HTML
  Rendering static_pages/home.html.erb within layouts/application
  Rendered static_pages/home.html.erb within layouts/application (63.2ms)
  Rendered layouts/_rails_default.html.erb (871.0ms)
  Rendered layouts/_shim.html.erb (0.4ms)
  Rendered layouts/_header.html.erb (2.2ms)
  Rendered layouts/_footer.html.erb (2.6ms)
Completed 200 OK in 1506ms (Views: 981.4ms)


Started GET "/" for 127.0.0.1 at 2018-04-11 20:04:38 +0700
Processing by StaticPagesController#home as HTML
  Rendering static_pages/home.html.erb within layouts/application
  Rendered static_pages/home.html.erb within layouts/application (5.1ms)
  Rendered layouts/_rails_default.html.erb (283.9ms)
  Rendered layouts/_shim.html.erb (0.3ms)
  Rendered layouts/_header.html.erb (1.6ms)
  Rendered layouts/_footer.html.erb (1.9ms)
Completed 200 OK in 457ms (Views: 298.3ms)


Started GET "/" for 127.0.0.1 at 2018-04-11 20:30:37 +0700
Processing by StaticPagesController#home as HTML
  Rendering static_pages/home.html.erb within layouts/application
  Rendered static_pages/home.html.erb within layouts/application (5.1ms)
  Rendered layouts/_rails_default.html.erb (168.8ms)
  Rendered layouts/_shim.html.erb (0.4ms)
  Rendered layouts/_header.html.erb (1.4ms)
  Rendered layouts/_footer.html.erb (1.8ms)
Completed 200 OK in 336ms (Views: 183.7ms)


Started GET "/" for 127.0.0.1 at 2018-04-11 21:06:22 +0700
Processing by StaticPagesController#home as HTML
  Rendering static_pages/home.html.erb within layouts/application
  Rendered static_pages/home.html.erb within layouts/application (1.8ms)
  Rendered layouts/_rails_default.html.erb (1943.4ms)
  Rendered layouts/_shim.html.erb (0.3ms)
  Rendered layouts/_header.html.erb (1.3ms)
  Rendered layouts/_footer.html.erb (1.5ms)
Completed 200 OK in 1955ms (Views: 1953.5ms)


Started GET "/" for 127.0.0.1 at 2018-04-11 21:11:40 +0700
Processing by StaticPagesController#home as HTML
  Rendering static_pages/home.html.erb within layouts/application
  Rendered static_pages/home.html.erb within layouts/application (1.3ms)
  Rendered layouts/_rails_default.html.erb (1371.6ms)
  Rendered layouts/_shim.html.erb (0.3ms)
  Rendered layouts/_header.html.erb (2.1ms)
  Rendered layouts/_footer.html.erb (1.6ms)
Completed 200 OK in 1384ms (Views: 1382.5ms)


Started GET "/" for 127.0.0.1 at 2018-04-11 21:12:30 +0700
Processing by StaticPagesController#home as HTML
  Rendering static_pages/home.html.erb within layouts/application
  Rendered static_pages/home.html.erb within layouts/application (1.1ms)
  Rendered layouts/_rails_default.html.erb (1647.1ms)
  Rendered layouts/_shim.html.erb (0.3ms)
  Rendered layouts/_header.html.erb (1.4ms)
  Rendered layouts/_footer.html.erb (1.6ms)
Completed 200 OK in 1657ms (Views: 1656.1ms)


Started GET "/" for 127.0.0.1 at 2018-04-11 21:12:51 +0700
Processing by StaticPagesController#home as HTML
  Rendering static_pages/home.html.erb within layouts/application
  Rendered static_pages/home.html.erb within layouts/application (1.0ms)
  Rendered layouts/_rails_default.html.erb (1320.7ms)
  Rendered layouts/_shim.html.erb (0.3ms)
  Rendered layouts/_header.html.erb (1.3ms)
  Rendered layouts/_footer.html.erb (1.5ms)
Completed 200 OK in 1330ms (Views: 1329.1ms)


Started GET "/" for 127.0.0.1 at 2018-04-11 21:13:13 +0700
Processing by StaticPagesController#home as HTML
  Rendering static_pages/home.html.erb within layouts/application
  Rendered static_pages/home.html.erb within layouts/application (1.1ms)
  Rendered layouts/_rails_default.html.erb (1313.6ms)
  Rendered layouts/_shim.html.erb (0.3ms)
  Rendered layouts/_header.html.erb (1.3ms)
  Rendered layouts/_footer.html.erb (1.5ms)
Completed 200 OK in 1324ms (Views: 1323.0ms)


Started GET "/" for 127.0.0.1 at 2018-04-11 21:13:57 +0700
Processing by StaticPagesController#home as HTML
  Rendering static_pages/home.html.erb within layouts/application
  Rendered static_pages/home.html.erb within layouts/application (1.2ms)
  Rendered layouts/_rails_default.html.erb (1353.6ms)
  Rendered layouts/_shim.html.erb (0.3ms)
  Rendered layouts/_header.html.erb (1.5ms)
  Rendered layouts/_footer.html.erb (1.6ms)
Completed 200 OK in 1365ms (Views: 1363.4ms)


Started GET "/" for 127.0.0.1 at 2018-04-11 21:15:21 +0700
Processing by StaticPagesController#home as HTML
  Rendering static_pages/home.html.erb within layouts/application
  Rendered static_pages/home.html.erb within layouts/application (1.1ms)
  Rendered layouts/_rails_default.html.erb (1341.0ms)
  Rendered layouts/_shim.html.erb (0.3ms)
  Rendered layouts/_header.html.erb (2.7ms)
  Rendered layouts/_footer.html.erb (3.5ms)
Completed 200 OK in 1354ms (Views: 1353.3ms)


Started GET "/" for 127.0.0.1 at 2018-04-11 21:16:09 +0700
Processing by StaticPagesController#home as HTML
  Rendering static_pages/home.html.erb within layouts/application
  Rendered static_pages/home.html.erb within layouts/application (1.4ms)
  Rendered layouts/_rails_default.html.erb (39.1ms)
  Rendered layouts/_shim.html.erb (0.3ms)
  Rendered layouts/_header.html.erb (2.8ms)
  Rendered layouts/_footer.html.erb (3.4ms)
Completed 200 OK in 54ms (Views: 52.6ms)


Started GET "/" for 127.0.0.1 at 2018-04-11 21:17:00 +0700
Processing by StaticPagesController#home as HTML
  Rendering static_pages/home.html.erb within layouts/application
  Rendered static_pages/home.html.erb within layouts/application (2.0ms)
  Rendered layouts/_rails_default.html.erb (1309.3ms)
  Rendered layouts/_shim.html.erb (0.4ms)
  Rendered layouts/_header.html.erb (1.2ms)
  Rendered layouts/_footer.html.erb (1.5ms)
Completed 200 OK in 1325ms (Views: 1323.4ms)


Started GET "/" for 127.0.0.1 at 2018-04-11 21:17:39 +0700
Processing by StaticPagesController#home as HTML
  Rendering static_pages/home.html.erb within layouts/application
  Rendered static_pages/home.html.erb within layouts/application (0.8ms)
  Rendered layouts/_rails_default.html.erb (1324.3ms)
  Rendered layouts/_shim.html.erb (0.4ms)
  Rendered layouts/_header.html.erb (1.3ms)
  Rendered layouts/_footer.html.erb (1.6ms)
Completed 200 OK in 1333ms (Views: 1332.4ms)


Started GET "/" for 127.0.0.1 at 2018-04-11 21:17:52 +0700
Processing by StaticPagesController#home as HTML
  Rendering static_pages/home.html.erb within layouts/application
  Rendered static_pages/home.html.erb within layouts/application (1.8ms)
  Rendered layouts/_rails_default.html.erb (1364.5ms)
  Rendered layouts/_shim.html.erb (0.3ms)
  Rendered layouts/_header.html.erb (1.2ms)
  Rendered layouts/_footer.html.erb (1.4ms)
Completed 200 OK in 1377ms (Views: 1375.2ms)


Started GET "/" for 127.0.0.1 at 2018-04-11 21:18:22 +0700
Processing by StaticPagesController#home as HTML
  Rendering static_pages/home.html.erb within layouts/application
  Rendered static_pages/home.html.erb within layouts/application (1.1ms)
  Rendered layouts/_rails_default.html.erb (1295.6ms)
  Rendered layouts/_shim.html.erb (0.3ms)
  Rendered layouts/_header.html.erb (1.4ms)
  Rendered layouts/_footer.html.erb (1.6ms)
Completed 200 OK in 1305ms (Views: 1304.3ms)


Started GET "/" for 127.0.0.1 at 2018-04-11 21:19:04 +0700
Processing by StaticPagesController#home as HTML
  Rendering static_pages/home.html.erb within layouts/application
  Rendered static_pages/home.html.erb within layouts/application (1.2ms)
  Rendered layouts/_rails_default.html.erb (1343.2ms)
  Rendered layouts/_shim.html.erb (0.3ms)
  Rendered layouts/_header.html.erb (1.3ms)
  Rendered layouts/_footer.html.erb (1.5ms)
Completed 200 OK in 1355ms (Views: 1353.5ms)


Started GET "/" for 127.0.0.1 at 2018-04-11 21:20:19 +0700
Processing by StaticPagesController#home as HTML
  Rendering static_pages/home.html.erb within layouts/application
  Rendered static_pages/home.html.erb within layouts/application (1.3ms)
  Rendered layouts/_rails_default.html.erb (1355.2ms)
  Rendered layouts/_shim.html.erb (0.3ms)
  Rendered layouts/_header.html.erb (1.4ms)
  Rendered layouts/_footer.html.erb (1.5ms)
Completed 200 OK in 1366ms (Views: 1365.2ms)


Started GET "/" for 127.0.0.1 at 2018-04-11 21:20:29 +0700
Processing by StaticPagesController#home as HTML
  Rendering static_pages/home.html.erb within layouts/application
  Rendered static_pages/home.html.erb within layouts/application (1.8ms)
  Rendered layouts/_rails_default.html.erb (1287.8ms)
  Rendered layouts/_shim.html.erb (0.3ms)
  Rendered layouts/_header.html.erb (1.4ms)
  Rendered layouts/_footer.html.erb (1.6ms)
Completed 200 OK in 1301ms (Views: 1299.5ms)


  [1m[35m (0.1ms)[0m  [1m[34mSELECT sqlite_version(*)[0m
  [1m[35m (78.1ms)[0m  [1m[35mCREATE TABLE "schema_migrations" ("version" varchar NOT NULL PRIMARY KEY)[0m
  [1m[35m (113.2ms)[0m  [1m[35mCREATE TABLE "ar_internal_metadata" ("key" varchar NOT NULL PRIMARY KEY, "value" varchar, "created_at" datetime NOT NULL, "updated_at" datetime NOT NULL)[0m
  [1m[35m (0.3ms)[0m  [1m[34mSELECT "schema_migrations"."version" FROM "schema_migrations" ORDER BY "schema_migrations"."version" ASC[0m
Migrating to CreateUsers (20180411145458)
  [1m[35m (0.1ms)[0m  [1m[36mbegin transaction[0m
  [1m[35m (2.0ms)[0m  [1m[35mCREATE TABLE "users" ("id" INTEGER PRIMARY KEY AUTOINCREMENT NOT NULL, "name" varchar, "email" varchar, "created_at" datetime NOT NULL, "updated_at" datetime NOT NULL)[0m
  [1m[35mSQL (0.3ms)[0m  [1m[32mINSERT INTO "schema_migrations" ("version") VALUES (?)[0m  [["version", "20180411145458"]]
  [1m[35m (99.4ms)[0m  [1m[36mcommit transaction[0m
  [1m[36mActiveRecord::InternalMetadata Load (0.3ms)[0m  [1m[34mSELECT  "ar_internal_metadata".* FROM "ar_internal_metadata" WHERE "ar_internal_metadata"."key" = ? LIMIT ?[0m  [["key", "environment"], ["LIMIT", 1]]
  [1m[35m (0.1ms)[0m  [1m[36mbegin transaction[0m
  [1m[35mSQL (0.5ms)[0m  [1m[32mINSERT INTO "ar_internal_metadata" ("key", "value", "created_at", "updated_at") VALUES (?, ?, ?, ?)[0m  [["key", "environment"], ["value", "development"], ["created_at", "2018-04-11 14:56:22.023528"], ["updated_at", "2018-04-11 14:56:22.023528"]]
  [1m[35m (47.6ms)[0m  [1m[36mcommit transaction[0m
  [1m[35m (0.2ms)[0m  [1m[34mSELECT "schema_migrations"."version" FROM "schema_migrations" ORDER BY "schema_migrations"."version" ASC[0m
  [1m[35m (0.2ms)[0m  [1m[34mSELECT "schema_migrations"."version" FROM "schema_migrations" ORDER BY "schema_migrations"."version" ASC[0m
  [1m[35m (0.1ms)[0m  [1m[34mSELECT "schema_migrations"."version" FROM "schema_migrations" ORDER BY "schema_migrations"."version" ASC[0m
Migrating to CreateUsers (20180411145458)
  [1m[35m (0.0ms)[0m  [1m[36mbegin transaction[0m
  [1m[35m (1.2ms)[0m  [1m[35mDROP TABLE "users"[0m
  [1m[35mSQL (0.2ms)[0m  [1m[31mDELETE FROM "schema_migrations" WHERE "schema_migrations"."version" = ?[0m  [["version", "20180411145458"]]
  [1m[35m (62.1ms)[0m  [1m[36mcommit transaction[0m
  [1m[35m (0.1ms)[0m  [1m[34mSELECT "schema_migrations"."version" FROM "schema_migrations" ORDER BY "schema_migrations"."version" ASC[0m
  [1m[35m (0.2ms)[0m  [1m[34mSELECT "schema_migrations"."version" FROM "schema_migrations" ORDER BY "schema_migrations"."version" ASC[0m
Migrating to CreateUsers (20180411145458)
  [1m[35m (0.1ms)[0m  [1m[36mbegin transaction[0m
  [1m[35m (0.1ms)[0m  [1m[34mSELECT sqlite_version(*)[0m
  [1m[35m (2.0ms)[0m  [1m[35mCREATE TABLE "users" ("id" INTEGER PRIMARY KEY AUTOINCREMENT NOT NULL, "name" varchar, "email" varchar, "created_at" datetime NOT NULL, "updated_at" datetime NOT NULL)[0m
  [1m[35mSQL (0.3ms)[0m  [1m[32mINSERT INTO "schema_migrations" ("version") VALUES (?)[0m  [["version", "20180411145458"]]
  [1m[35m (52.2ms)[0m  [1m[36mcommit transaction[0m
  [1m[36mActiveRecord::InternalMetadata Load (0.2ms)[0m  [1m[34mSELECT  "ar_internal_metadata".* FROM "ar_internal_metadata" WHERE "ar_internal_metadata"."key" = ? LIMIT ?[0m  [["key", "environment"], ["LIMIT", 1]]
  [1m[35m (0.1ms)[0m  [1m[36mbegin transaction[0m
  [1m[35m (0.0ms)[0m  [1m[36mcommit transaction[0m
  [1m[35m (0.1ms)[0m  [1m[34mSELECT "schema_migrations"."version" FROM "schema_migrations" ORDER BY "schema_migrations"."version" ASC[0m
  [1m[35m (0.1ms)[0m  [1m[36mbegin transaction[0m
  [1m[35m (0.2ms)[0m  [1m[31mrollback transaction[0m
  [1m[35m (0.2ms)[0m  [1m[34mSELECT "schema_migrations"."version" FROM "schema_migrations" ORDER BY "schema_migrations"."version" ASC[0m
Migrating to AddIndexToUsersEmail (20180411151508)
  [1m[35m (0.1ms)[0m  [1m[36mbegin transaction[0m
  [1m[35m (0.1ms)[0m  [1m[34mSELECT sqlite_version(*)[0m
  [1m[35m (0.3ms)[0m  [1m[35mCREATE UNIQUE INDEX "index_users_on_email" ON "users" ("email")[0m
  [1m[35mSQL (0.2ms)[0m  [1m[32mINSERT INTO "schema_migrations" ("version") VALUES (?)[0m  [["version", "20180411151508"]]
  [1m[35m (103.3ms)[0m  [1m[36mcommit transaction[0m
  [1m[36mActiveRecord::InternalMetadata Load (0.3ms)[0m  [1m[34mSELECT  "ar_internal_metadata".* FROM "ar_internal_metadata" WHERE "ar_internal_metadata"."key" = ? LIMIT ?[0m  [["key", "environment"], ["LIMIT", 1]]
  [1m[35m (0.1ms)[0m  [1m[36mbegin transaction[0m
  [1m[35m (0.1ms)[0m  [1m[36mcommit transaction[0m
  [1m[35m (0.2ms)[0m  [1m[34mSELECT "schema_migrations"."version" FROM "schema_migrations" ORDER BY "schema_migrations"."version" ASC[0m
  [1m[35m (0.2ms)[0m  [1m[34m            SELECT sql
            FROM sqlite_master
            WHERE name='index_users_on_email' AND type='index'
            UNION ALL
            SELECT sql
            FROM sqlite_temp_master
            WHERE name='index_users_on_email' AND type='index'
[0m
  [1m[35m (0.3ms)[0m  [1m[34mSELECT "schema_migrations"."version" FROM "schema_migrations" ORDER BY "schema_migrations"."version" ASC[0m
Migrating to AddPasswordDigestToUsers (20180411151955)
  [1m[35m (0.1ms)[0m  [1m[36mbegin transaction[0m
  [1m[35m (0.5ms)[0m  [1m[35mALTER TABLE "users" ADD "password_digest" varchar[0m
  [1m[35mSQL (0.3ms)[0m  [1m[32mINSERT INTO "schema_migrations" ("version") VALUES (?)[0m  [["version", "20180411151955"]]
  [1m[35m (150.7ms)[0m  [1m[36mcommit transaction[0m
  [1m[36mActiveRecord::InternalMetadata Load (0.3ms)[0m  [1m[34mSELECT  "ar_internal_metadata".* FROM "ar_internal_metadata" WHERE "ar_internal_metadata"."key" = ? LIMIT ?[0m  [["key", "environment"], ["LIMIT", 1]]
  [1m[35m (0.1ms)[0m  [1m[36mbegin transaction[0m
  [1m[35m (0.1ms)[0m  [1m[36mcommit transaction[0m
  [1m[35m (0.2ms)[0m  [1m[34mSELECT "schema_migrations"."version" FROM "schema_migrations" ORDER BY "schema_migrations"."version" ASC[0m
  [1m[35m (0.2ms)[0m  [1m[34m            SELECT sql
            FROM sqlite_master
            WHERE name='index_users_on_email' AND type='index'
            UNION ALL
            SELECT sql
            FROM sqlite_temp_master
            WHERE name='index_users_on_email' AND type='index'
[0m
  [1m[35m (0.1ms)[0m  [1m[36mbegin transaction[0m
  [1m[35m (0.1ms)[0m  [1m[35mSAVEPOINT active_record_1[0m
  [1m[36mUser Exists (0.3ms)[0m  [1m[34mSELECT  1 AS one FROM "users" WHERE LOWER("users"."email") = LOWER(?) LIMIT ?[0m  [["email", "votiensy1996@gmail.com"], ["LIMIT", 1]]
  [1m[35m (0.1ms)[0m  [1m[31mROLLBACK TO SAVEPOINT active_record_1[0m
  [1m[36mUser Load (0.3ms)[0m  [1m[34mSELECT  "users".* FROM "users" LIMIT ?[0m  [["LIMIT", 11]]
  [1m[35m (0.2ms)[0m  [1m[31mrollback transaction[0m
  [1m[36mUser Load (0.3ms)[0m  [1m[34mSELECT  "users".* FROM "users" WHERE "users"."id" = ? LIMIT ?[0m  [["id", 1], ["LIMIT", 1]]
  [1m[36mUser Load (0.4ms)[0m  [1m[34mSELECT  "users".* FROM "users" LIMIT ?[0m  [["LIMIT", 11]]
  [1m[35m (0.1ms)[0m  [1m[36mbegin transaction[0m
  [1m[36mUser Exists (0.2ms)[0m  [1m[34mSELECT  1 AS one FROM "users" WHERE LOWER("users"."email") = LOWER(?) LIMIT ?[0m  [["email", "votiensy1996@gmail.com"], ["LIMIT", 1]]
  [1m[35mSQL (0.4ms)[0m  [1m[32mINSERT INTO "users" ("name", "email", "created_at", "updated_at", "password_digest") VALUES (?, ?, ?, ?, ?)[0m  [["name", "vts"], ["email", "votiensy1996@gmail.com"], ["created_at", "2018-04-12 01:18:55.007323"], ["updated_at", "2018-04-12 01:18:55.007323"], ["password_digest", "$2a$10$OvMezY3xt12q3uUM.Upa7uIY0Gcdb5qCsD4vKnqCudebux7G9S.lK"]]
  [1m[35m (66.8ms)[0m  [1m[36mcommit transaction[0m
  [1m[36mUser Load (0.2ms)[0m  [1m[34mSELECT  "users".* FROM "users" LIMIT ?[0m  [["LIMIT", 11]]
  [1m[36mUser Load (1.5ms)[0m  [1m[34mSELECT  "users".* FROM "users" LIMIT ?[0m  [["LIMIT", 11]]
Started GET "/" for 127.0.0.1 at 2018-04-12 08:34:00 +0700
  [1m[35m (0.1ms)[0m  [1m[34mSELECT "schema_migrations"."version" FROM "schema_migrations" ORDER BY "schema_migrations"."version" ASC[0m
Processing by StaticPagesController#home as HTML
  Rendering static_pages/home.html.erb within layouts/application
  Rendered static_pages/home.html.erb within layouts/application (5.1ms)
  Rendered layouts/_rails_default.html.erb (290.6ms)
  Rendered layouts/_shim.html.erb (0.3ms)
  Rendered layouts/_header.html.erb (1.4ms)
  Rendered layouts/_footer.html.erb (1.6ms)
Completed 200 OK in 311ms (Views: 304.9ms | ActiveRecord: 0.0ms)


Started GET "/" for 127.0.0.1 at 2018-04-12 08:34:59 +0700
  [1m[35m (0.1ms)[0m  [1m[34mSELECT "schema_migrations"."version" FROM "schema_migrations" ORDER BY "schema_migrations"."version" ASC[0m
Processing by StaticPagesController#home as HTML
  Rendering static_pages/home.html.erb within layouts/application
  Rendered static_pages/home.html.erb within layouts/application (4.9ms)
  Rendered layouts/_rails_default.html.erb (200.3ms)
  Rendered layouts/_shim.html.erb (0.3ms)
  Rendered layouts/_header.html.erb (1.6ms)
  Rendered layouts/_footer.html.erb (2.3ms)
Completed 200 OK in 222ms (Views: 215.0ms | ActiveRecord: 0.0ms)


Started GET "/" for 127.0.0.1 at 2018-04-12 08:39:29 +0700
  [1m[35m (0.1ms)[0m  [1m[34mSELECT "schema_migrations"."version" FROM "schema_migrations" ORDER BY "schema_migrations"."version" ASC[0m
Processing by StaticPagesController#home as HTML
  Rendering static_pages/home.html.erb within layouts/application
  Rendered static_pages/home.html.erb within layouts/application (4.7ms)
  Rendered layouts/_rails_default.html.erb (136.0ms)
  Rendered layouts/_shim.html.erb (0.3ms)
  Rendered layouts/_header.html.erb (1.4ms)
  Rendered layouts/_footer.html.erb (2.0ms)
Completed 200 OK in 157ms (Views: 149.7ms | ActiveRecord: 0.0ms)


Started GET "/" for 127.0.0.1 at 2018-04-12 08:41:35 +0700
  [1m[35m (0.1ms)[0m  [1m[34mSELECT "schema_migrations"."version" FROM "schema_migrations" ORDER BY "schema_migrations"."version" ASC[0m
Processing by StaticPagesController#home as HTML
  Rendering static_pages/home.html.erb within layouts/application
  Rendered static_pages/home.html.erb within layouts/application (4.9ms)
  Rendered layouts/_rails_default.html.erb (143.3ms)
  Rendered layouts/_shim.html.erb (0.3ms)
  Rendered layouts/_header.html.erb (1.6ms)
  Rendered layouts/_footer.html.erb (1.9ms)
Completed 200 OK in 164ms (Views: 157.7ms | ActiveRecord: 0.0ms)


Started GET "/" for 127.0.0.1 at 2018-04-12 08:42:41 +0700
Processing by StaticPagesController#home as HTML
  Rendering static_pages/home.html.erb within layouts/application
  Rendered static_pages/home.html.erb within layouts/application (8.1ms)
  Rendered layouts/_rails_default.html.erb (29.5ms)
  Rendered layouts/_shim.html.erb (0.3ms)
  Rendered layouts/_header.html.erb (2.0ms)
  Rendered layouts/_footer.html.erb (2.5ms)
Completed 200 OK in 50ms (Views: 48.5ms)


Started GET "/" for 127.0.0.1 at 2018-04-12 08:45:02 +0700
Processing by StaticPagesController#home as HTML
  Rendering static_pages/home.html.erb within layouts/application
  Rendered static_pages/home.html.erb within layouts/application (1.6ms)
  Rendered layouts/_rails_default.html.erb (47.1ms)
  Rendered layouts/_shim.html.erb (0.8ms)
  Rendered layouts/_header.html.erb (8.3ms)
  Rendered layouts/_footer.html.erb (6.8ms)
Completed 200 OK in 76ms (Views: 73.5ms)


Started GET "/" for 127.0.0.1 at 2018-04-12 08:45:21 +0700
Processing by StaticPagesController#home as HTML
  Rendering static_pages/home.html.erb within layouts/application
  Rendered static_pages/home.html.erb within layouts/application (2.3ms)
  Rendered layouts/_rails_default.html.erb (63.1ms)
  Rendered layouts/_shim.html.erb (0.4ms)
  Rendered layouts/_header.html.erb (3.0ms)
  Rendered layouts/_footer.html.erb (6.0ms)
Completed 200 OK in 88ms (Views: 84.3ms)


Started GET "/" for 127.0.0.1 at 2018-04-12 08:46:04 +0700
Processing by StaticPagesController#home as HTML
  Rendering static_pages/home.html.erb within layouts/application
  Rendered static_pages/home.html.erb within layouts/application (2.3ms)
  Rendered layouts/_rails_default.html.erb (55.0ms)
  Rendered layouts/_shim.html.erb (0.3ms)
  Rendered layouts/_header.html.erb (1.8ms)
  Rendered layouts/_footer.html.erb (2.4ms)
Completed 200 OK in 73ms (Views: 70.3ms)


Started GET "/signup" for 127.0.0.1 at 2018-04-12 08:46:14 +0700
Processing by UsersController#new as HTML
  Rendering users/new.html.erb within layouts/application
  Rendered users/new.html.erb within layouts/application (1.3ms)
  Rendered layouts/_rails_default.html.erb (39.4ms)
  Rendered layouts/_shim.html.erb (0.3ms)
  Rendered layouts/_header.html.erb (1.9ms)
  Rendered layouts/_footer.html.erb (2.7ms)
Completed 200 OK in 56ms (Views: 54.0ms)


Started GET "/" for 127.0.0.1 at 2018-04-12 08:46:16 +0700
Processing by StaticPagesController#home as HTML
  Rendering static_pages/home.html.erb within layouts/application
  Rendered static_pages/home.html.erb within layouts/application (2.2ms)
  Rendered layouts/_rails_default.html.erb (42.2ms)
  Rendered layouts/_shim.html.erb (0.5ms)
  Rendered layouts/_header.html.erb (2.4ms)
  Rendered layouts/_footer.html.erb (2.4ms)
Completed 200 OK in 61ms (Views: 58.6ms)


Started GET "/" for 127.0.0.1 at 2018-04-12 08:46:17 +0700
Processing by StaticPagesController#home as HTML
  Rendering static_pages/home.html.erb within layouts/application
  Rendered static_pages/home.html.erb within layouts/application (1.9ms)
  Rendered layouts/_rails_default.html.erb (47.5ms)
  Rendered layouts/_shim.html.erb (0.6ms)
  Rendered layouts/_header.html.erb (2.2ms)
  Rendered layouts/_footer.html.erb (2.6ms)
Completed 200 OK in 65ms (Views: 63.4ms)


Started GET "/help" for 127.0.0.1 at 2018-04-12 08:46:18 +0700
Processing by StaticPagesController#help as HTML
  Rendering static_pages/help.html.erb within layouts/application
  Rendered static_pages/help.html.erb within layouts/application (4.3ms)
  Rendered layouts/_rails_default.html.erb (48.1ms)
  Rendered layouts/_shim.html.erb (0.5ms)
  Rendered layouts/_header.html.erb (2.4ms)
  Rendered layouts/_footer.html.erb (2.8ms)
Completed 200 OK in 70ms (Views: 67.8ms)


Started GET "/help" for 127.0.0.1 at 2018-04-12 08:46:19 +0700
Processing by StaticPagesController#help as HTML
  Rendering static_pages/help.html.erb within layouts/application
  Rendered static_pages/help.html.erb within layouts/application (0.9ms)
  Rendered layouts/_rails_default.html.erb (28.7ms)
  Rendered layouts/_shim.html.erb (0.3ms)
  Rendered layouts/_header.html.erb (1.6ms)
  Rendered layouts/_footer.html.erb (1.9ms)
Completed 200 OK in 40ms (Views: 39.3ms)


Started GET "/help" for 127.0.0.1 at 2018-04-12 08:46:21 +0700
Processing by StaticPagesController#help as HTML
  Rendering static_pages/help.html.erb within layouts/application
  Rendered static_pages/help.html.erb within layouts/application (2.2ms)
  Rendered layouts/_rails_default.html.erb (40.8ms)
  Rendered layouts/_shim.html.erb (0.4ms)
  Rendered layouts/_header.html.erb (2.3ms)
  Rendered layouts/_footer.html.erb (2.9ms)
Completed 200 OK in 61ms (Views: 58.5ms)


Started GET "/about" for 127.0.0.1 at 2018-04-12 08:46:23 +0700
Processing by StaticPagesController#about as HTML
  Rendering static_pages/about.html.erb within layouts/application
  Rendered static_pages/about.html.erb within layouts/application (1.6ms)
  Rendered layouts/_rails_default.html.erb (33.6ms)
  Rendered layouts/_shim.html.erb (0.3ms)
  Rendered layouts/_header.html.erb (6.7ms)
  Rendered layouts/_footer.html.erb (2.0ms)
Completed 200 OK in 51ms (Views: 49.8ms)


Started GET "/contact" for 127.0.0.1 at 2018-04-12 08:46:24 +0700
Processing by StaticPagesController#contact as HTML
  Rendering static_pages/contact.html.erb within layouts/application
  Rendered static_pages/contact.html.erb within layouts/application (1.1ms)
  Rendered layouts/_rails_default.html.erb (29.4ms)
  Rendered layouts/_shim.html.erb (0.3ms)
  Rendered layouts/_header.html.erb (1.5ms)
  Rendered layouts/_footer.html.erb (1.9ms)
Completed 200 OK in 40ms (Views: 39.3ms)


Started GET "/" for 127.0.0.1 at 2018-04-12 09:18:27 +0700
  [1m[35m (0.1ms)[0m  [1m[34mSELECT "schema_migrations"."version" FROM "schema_migrations" ORDER BY "schema_migrations"."version" ASC[0m
Processing by StaticPagesController#home as HTML
  Rendering static_pages/home.html.erb within layouts/application
  Rendered static_pages/home.html.erb within layouts/application (4.9ms)
  Rendered layouts/_rails_default.html.erb (162.6ms)
  Rendered layouts/_shim.html.erb (0.3ms)
  Rendered layouts/_header.html.erb (1.5ms)
  Rendered layouts/_footer.html.erb (1.2ms)
Completed 200 OK in 183ms (Views: 176.3ms | ActiveRecord: 0.0ms)


Started GET "/" for 127.0.0.1 at 2018-04-12 09:21:00 +0700
  [1m[35m (0.1ms)[0m  [1m[34mSELECT "schema_migrations"."version" FROM "schema_migrations" ORDER BY "schema_migrations"."version" ASC[0m
Processing by StaticPagesController#home as HTML
  Rendering static_pages/home.html.erb within layouts/application
  Rendered static_pages/home.html.erb within layouts/application (4.8ms)
  Rendered layouts/_rails_default.html.erb (168.3ms)
  Rendered layouts/_shim.html.erb (0.3ms)
  Rendered layouts/_header.html.erb (0.6ms)
  Rendered layouts/_footer.html.erb (1.2ms)
Completed 200 OK in 187ms (Views: 180.5ms | ActiveRecord: 0.0ms)


Started GET "/" for 127.0.0.1 at 2018-04-12 09:21:49 +0700
  [1m[35m (0.1ms)[0m  [1m[34mSELECT "schema_migrations"."version" FROM "schema_migrations" ORDER BY "schema_migrations"."version" ASC[0m
Processing by StaticPagesController#home as HTML
  Rendering static_pages/home.html.erb within layouts/application
  Rendered static_pages/home.html.erb within layouts/application (4.9ms)
  Rendered layouts/_rails_default.html.erb (1551.2ms)
  Rendered layouts/_shim.html.erb (0.3ms)
  Rendered layouts/_header.html.erb (0.6ms)
  Rendered layouts/_footer.html.erb (1.5ms)
Completed 200 OK in 1571ms (Views: 1564.5ms | ActiveRecord: 0.0ms)


Started GET "/" for 127.0.0.1 at 2018-04-12 09:26:51 +0700
  [1m[35m (0.1ms)[0m  [1m[34mSELECT "schema_migrations"."version" FROM "schema_migrations" ORDER BY "schema_migrations"."version" ASC[0m
Processing by StaticPagesController#home as HTML
  Rendering static_pages/home.html.erb within layouts/application
  Rendered static_pages/home.html.erb within layouts/application (5.0ms)
  Rendered layouts/_rails_default.html.erb (1546.3ms)
  Rendered layouts/_shim.html.erb (0.3ms)
  Rendered layouts/_header.html.erb (0.8ms)
  Rendered layouts/_footer.html.erb (1.2ms)
Completed 200 OK in 1577ms (Views: 1570.6ms | ActiveRecord: 0.0ms)


Started GET "/" for 127.0.0.1 at 2018-04-12 14:51:21 +0700
  [1m[35m (0.1ms)[0m  [1m[34mSELECT "schema_migrations"."version" FROM "schema_migrations" ORDER BY "schema_migrations"."version" ASC[0m
Processing by StaticPagesController#home as HTML
  Rendering static_pages/home.html.erb within layouts/application
  Rendered static_pages/home.html.erb within layouts/application (5.4ms)
  Rendered layouts/_rails_default.html.erb (1579.9ms)
  Rendered layouts/_shim.html.erb (0.3ms)
  Rendered layouts/_header.html.erb (0.7ms)
  Rendered layouts/_footer.html.erb (1.4ms)
Completed 200 OK in 1600ms (Views: 1593.4ms | ActiveRecord: 0.0ms)


Started GET "/" for 127.0.0.1 at 2018-04-12 15:12:31 +0700
  [1m[35m (0.1ms)[0m  [1m[34mSELECT "schema_migrations"."version" FROM "schema_migrations" ORDER BY "schema_migrations"."version" ASC[0m
Processing by StaticPagesController#home as HTML
  Rendering static_pages/home.html.erb within layouts/application
  Rendered static_pages/home.html.erb within layouts/application (5.8ms)
  Rendered layouts/_rails_default.html.erb (197.0ms)
  Rendered layouts/_shim.html.erb (0.3ms)
  Rendered layouts/_header.html.erb (0.7ms)
  Rendered layouts/_footer.html.erb (1.3ms)
Completed 200 OK in 218ms (Views: 210.7ms | ActiveRecord: 0.0ms)


Started GET "/signup" for 127.0.0.1 at 2018-04-12 15:12:34 +0700
Processing by UsersController#new as HTML
  Rendering users/new.html.erb within layouts/application
  Rendered users/new.html.erb within layouts/application (1.5ms)
  Rendered layouts/_rails_default.html.erb (54.2ms)
  Rendered layouts/_shim.html.erb (0.6ms)
  Rendered layouts/_header.html.erb (1.7ms)
  Rendered layouts/_footer.html.erb (2.8ms)
Completed 200 OK in 79ms (Views: 74.5ms | ActiveRecord: 0.0ms)


Started GET "/" for 127.0.0.1 at 2018-04-12 15:51:14 +0700
  [1m[35m (0.2ms)[0m  [1m[34mSELECT "schema_migrations"."version" FROM "schema_migrations" ORDER BY "schema_migrations"."version" ASC[0m
Processing by StaticPagesController#home as HTML
  Rendering static_pages/home.html.erb within layouts/application
  Rendered static_pages/home.html.erb within layouts/application (11.2ms)
  Rendered layouts/_rails_default.html.erb (161.3ms)
  Rendered layouts/_shim.html.erb (0.3ms)
  Rendered layouts/_header.html.erb (0.7ms)
  Rendered layouts/_footer.html.erb (1.3ms)
Completed 200 OK in 192ms (Views: 183.2ms | ActiveRecord: 0.0ms)


